<?xml version="1.0" encoding="UTF-8"?>
<testsuite xmlns:xsi="http://www.w3.org/2001/XMLSchema-instance" xsi:noNamespaceSchemaLocation="https://maven.apache.org/surefire/maven-surefire-plugin/xsd/surefire-test-report.xsd" name="maven.lab10_junit.AppTest" time="0.023" tests="2" errors="0" skipped="0" failures="0">
  <properties>
[...]
</properties>
  <testcase name="testSumar" classname="maven.lab10_junit.AppTest" time="0.002"/>
  <testcase name="testRestar" classname="maven.lab10_junit.AppTest" time="0"/>
</testsuite>